<?xml version="1.0" encoding="UTF-8"?>
<!-- Generated by org.testng.reporters.JUnitReportReporter -->
<testsuite skipped="0" hostname="VN-L2608" name="TCs.TC_Verify_Manufacturing_Created_Success" tests="1" failures="0" timestamp="2022-04-09T23:44:15 ICT" time="16.955" errors="0">
  <testcase name="verifyCreateManufacturingSuccess" time="16.955" classname="TCs.TC_Verify_Manufacturing_Created_Success"/>
  <system-out/>
</testsuite> <!-- TCs.TC_Verify_Manufacturing_Created_Success -->
